<?xml version="1.0" encoding="UTF-8"?>
<testng-results ignored="0" total="1" passed="1" failed="0" skipped="0">
  <reporter-output>
  </reporter-output>
  <suite started-at="2023-11-16T18:12:47 IST" name="Default suite" finished-at="2023-11-16T18:12:49 IST" duration-ms="1809">
    <groups>
    </groups>
    <test started-at="2023-11-16T18:12:47 IST" name="Default test" finished-at="2023-11-16T18:12:49 IST" duration-ms="1809">
      <class name="Day4.JsonResponseValidations">
        <test-method signature="usingJsonObject()[pri:0, instance:Day4.JsonResponseValidations@66f57048]" started-at="2023-11-16T18:12:47 IST" name="usingJsonObject" finished-at="2023-11-16T18:12:49 IST" duration-ms="1768" status="PASS">
          <reporter-output>
          </reporter-output>
        </test-method> <!-- usingJsonObject -->
      </class> <!-- Day4.JsonResponseValidations -->
    </test> <!-- Default test -->
  </suite> <!-- Default suite -->
</testng-results>
