<?xml version="1.0" encoding="UTF-8"?>
<!-- Generated by org.testng.reporters.JUnitXMLReporter -->
<testsuite ignored="2" hostname="REFL-LP118" failures="0" tests="1" name="Default test" time="1.809" errors="0" timestamp="2023-11-16T18:12:49 IST">
  <testcase classname="Day4.JsonResponseValidations" name="usingJsonObject" time="1.768"/>
  <testcase classname="Day4.JsonResponseValidations" name="usingResponseObject" time="0.0">
    <ignored/>
  </testcase> <!-- usingResponseObject -->
  <testcase classname="Day4.JsonResponseValidations" name="normalValidation" time="0.0">
    <ignored/>
  </testcase> <!-- normalValidation -->
</testsuite> <!-- Default test -->
