<?xml version="1.0" encoding="UTF-8"?>
<!-- Generated by org.testng.reporters.JUnitXMLReporter -->
<testsuite ignored="0" hostname="Karthick" failures="0" tests="4" name="Default test" time="4.459" errors="0" timestamp="2023-11-14T16:47:03 IST">
  <testcase classname="Day2.postRequests" name="using_HashMap" time="2.819"/>
  <testcase classname="Day2.postRequests" name="using_JSONObject" time="0.542"/>
  <testcase classname="Day2.postRequests" name="using_Json" time="0.513"/>
  <testcase classname="Day2.postRequests" name="using_Pojo" time="0.538"/>
</testsuite> <!-- Default test -->
